[backblue.gif]
[fade.gif]
[index.html]
[108-2.dday.dschool.ntu.edu.tw/index.html]
[108-2.dday.dschool.ntu.edu.tw/files/main_stylef57e.css]
[108-2.dday.dschool.ntu.edu.tw/uploads/1/3/1/8/131854549/background-images/91018499.html]
[108-2.dday.dschool.ntu.edu.tw/files/templateArtifactsee3d.html]
[108-2.dday.dschool.ntu.edu.tw/index-2.html]
[108-2.dday.dschool.ntu.edu.tw/about-d-school.html]
[108-2.dday.dschool.ntu.edu.tw/d-day27511241803535237636.html]
[108-2.dday.dschool.ntu.edu.tw/105-1.html]
[108-2.dday.dschool.ntu.edu.tw/105-2.html]
[108-2.dday.dschool.ntu.edu.tw/106-1.html]
[108-2.dday.dschool.ntu.edu.tw/uploads/1/3/1/8/131854549/dschool-logo_orig.png]
[108-2.dday.dschool.ntu.edu.tw/uploads/1/3/1/8/131854549/alphateam-logo-alpha-team-2_orig.png]
[108-2.dday.dschool.ntu.edu.tw/106-2.html]
[108-2.dday.dschool.ntu.edu.tw/uploads/1/3/1/8/131854549/ntuplus-logo_orig.png]
[108-2.dday.dschool.ntu.edu.tw/uploads/1/3/1/8/131854549/ntuleadership-logo_orig.png]
[108-2.dday.dschool.ntu.edu.tw/uploads/1/3/1/8/131854549/ntucep-logo_orig.png]
[108-2.dday.dschool.ntu.edu.tw/uploads/1/3/1/8/131854549/ntumaker-logo_orig.png]
[108-2.dday.dschool.ntu.edu.tw/107-1.html]
[108-2.dday.dschool.ntu.edu.tw/uploads/1/3/1/8/131854549/futurentu-logo_orig.png]
[108-2.dday.dschool.ntu.edu.tw/uploads/1/3/1/8/131854549/ntuleathercraft-logo_orig.png]
[108-2.dday.dschool.ntu.edu.tw/uploads/1/3/1/8/131854549/we-1_orig.png]
[108-2.dday.dschool.ntu.edu.tw/107-2.html]
[108-2.dday.dschool.ntu.edu.tw/uploads/1/3/1/8/131854549/we-2_orig.png]
[108-2.dday.dschool.ntu.edu.tw/uploads/1/3/1/8/131854549/we-3_orig.png]
[108-2.dday.dschool.ntu.edu.tw/uploads/1/3/1/8/131854549/we-4_orig.png]
[108-2.dday.dschool.ntu.edu.tw/uploads/1/3/1/8/131854549/we-5_orig.png]
[108-2.dday.dschool.ntu.edu.tw/108-1.html]
[108-2.dday.dschool.ntu.edu.tw/uploads/1/3/1/8/131854549/we-6_orig.png]
[108-2.dday.dschool.ntu.edu.tw/uploads/1/3/1/8/131854549/we-7_orig.png]
[108-2.dday.dschool.ntu.edu.tw/uploads/1/3/1/8/131854549/01_orig.jpg]
[108-2.dday.dschool.ntu.edu.tw/uploads/1/3/1/8/131854549/02_orig.jpg]
[108-2.dday.dschool.ntu.edu.tw/mon.html]
[108-2.dday.dschool.ntu.edu.tw/uploads/1/3/1/8/131854549/dschool-logo.png]
[108-2.dday.dschool.ntu.edu.tw/uploads/1/3/1/8/131854549/plus-logo-v7-01_orig.png]
[108-2.dday.dschool.ntu.edu.tw/uploads/1/3/1/8/131854549/ntucep-logo.png]
[108-2.dday.dschool.ntu.edu.tw/uploads/1/3/1/8/131854549/實體展完整小報內容.jpg]
[108-2.dday.dschool.ntu.edu.tw/2011421205353733533620154222402252230990.html]
[108-2.dday.dschool.ntu.edu.tw/uploads/1/3/1/8/131854549/ntuleadership-logo.png]
[108-2.dday.dschool.ntu.edu.tw/uploads/1/3/1/8/131854549/alphateam-logo-alpha-team-2.png]
[108-2.dday.dschool.ntu.edu.tw/uploads/1/3/1/8/131854549/facebook_orig.webp]
[108-2.dday.dschool.ntu.edu.tw/25991212702594420107332873549825925201072431427083.html]
[108-2.dday.dschool.ntu.edu.tw/320683234036939203162356635542.html]
[108-2.dday.dschool.ntu.edu.tw/uploads/1/3/1/8/131854549/0609-02_orig.png]
[108-2.dday.dschool.ntu.edu.tw/uploads/1/3/1/8/131854549/0609-01_orig.png]
[108-2.dday.dschool.ntu.edu.tw/uploads/1/3/1/8/131854549/dschool-structure_orig.png]
[108-2.dday.dschool.ntu.edu.tw/2110924847211092698923560389883534235542332872352636368.html]
[108-2.dday.dschool.ntu.edu.tw/uploads/1/3/1/8/131854549/dschool-core_orig.png]
[108-2.dday.dschool.ntu.edu.tw/uploads/1/3/1/8/131854549/0609-03_orig.png]
[108-2.dday.dschool.ntu.edu.tw/uploads/1/3/1/8/131854549/0609-04_orig.png]
[108-2.dday.dschool.ntu.edu.tw/2110926032310382637135373353362403731243.html]
[108-2.dday.dschool.ntu.edu.tw/uploads/1/3/1/8/131854549/0609-05_orig.png]
[108-2.dday.dschool.ntu.edu.tw/uploads/1/3/1/8/131854549/0609-06_orig.png]
[108-2.dday.dschool.ntu.edu.tw/uploads/1/3/1/8/131854549/dschool-socialnetwork_orig.png]
[108-2.dday.dschool.ntu.edu.tw/352992777021839389882970235542332872352621209.html]
[108-2.dday.dschool.ntu.edu.tw/uploads/1/3/1/8/131854549/ntuplus-logo.png]
[108-2.dday.dschool.ntu.edu.tw/uploads/1/3/1/8/131854549/ntudschool-leadership-happy_orig.png]
[108-2.dday.dschool.ntu.edu.tw/uploads/1/3/1/8/131854549/ntumakerspace-photo_orig.jpg]
[108-2.dday.dschool.ntu.edu.tw/tue.html]
[108-2.dday.dschool.ntu.edu.tw/uploads/1/3/1/8/131854549/ntumakerspace-photo01_orig.jpg]
[108-2.dday.dschool.ntu.edu.tw/uploads/1/3/1/8/131854549/ntumakerspace-photo04_orig.jpg]
[108-2.dday.dschool.ntu.edu.tw/uploads/1/3/1/8/131854549/ntumakerspace-photo02_orig.jpg]
[108-2.dday.dschool.ntu.edu.tw/uploads/1/3/1/8/131854549/ntumakerspace-photo05_orig.jpg]
[108-2.dday.dschool.ntu.edu.tw/uploads/1/3/1/8/131854549/ntumakerspace-photo03_orig.jpg]
[108-2.dday.dschool.ntu.edu.tw/uploads/1/3/1/8/131854549/ntumakerspace-photo06_orig.jpg]
[108-2.dday.dschool.ntu.edu.tw/uploads/1/3/1/8/131854549/0988789214_1.png]
[108-2.dday.dschool.ntu.edu.tw/uploads/1/3/1/8/131854549/0975490870_orig.png]
[108-2.dday.dschool.ntu.edu.tw/uploads/1/3/1/8/131854549/ds5107-2_orig.png]
[108-2.dday.dschool.ntu.edu.tw/uploads/1/3/1/8/131854549/ds5107-1_orig.png]
[108-2.dday.dschool.ntu.edu.tw/uploads/1/3/1/8/131854549/derive-1_orig.png]
[108-2.dday.dschool.ntu.edu.tw/uploads/1/3/1/8/131854549/shu-wei-huang.jpg]
[108-2.dday.dschool.ntu.edu.tw/uploads/1/3/1/8/131854549/kuo.jpg]
[108-2.dday.dschool.ntu.edu.tw/310382637135373353362356635542.html]
[108-2.dday.dschool.ntu.edu.tw/uploads/1/3/1/8/131854549/ds5107-photo03_orig.jpg]
[108-2.dday.dschool.ntu.edu.tw/uploads/1/3/1/8/131854549/360_12.jpg]
[108-2.dday.dschool.ntu.edu.tw/uploads/1/3/1/8/131854549/1930024251.jpg]
[108-2.dday.dschool.ntu.edu.tw/246053277126410203588203.html]
[108-2.dday.dschool.ntu.edu.tw/uploads/1/3/1/8/131854549/0975373095_1.png]
[108-2.dday.dschool.ntu.edu.tw/uploads/1/3/1/8/131854549/ds5105-0910094177_orig.png]
[108-2.dday.dschool.ntu.edu.tw/uploads/1/3/1/8/131854549/254011423.jpg]
[108-2.dday.dschool.ntu.edu.tw/uploads/1/3/1/8/131854549/ds5105-soup_orig.png]
[108-2.dday.dschool.ntu.edu.tw/uploads/1/3/1/8/131854549/858053487_orig.jpg]
[108-2.dday.dschool.ntu.edu.tw/uploads/1/3/1/8/131854549/ds5107-photo04_orig.jpg]
[108-2.dday.dschool.ntu.edu.tw/uploads/1/3/1/8/131854549/0936748906_orig.png]
[108-2.dday.dschool.ntu.edu.tw/uploads/1/3/1/8/131854549/ds5105-0939105010_orig.png]
[108-2.dday.dschool.ntu.edu.tw/uploads/1/3/1/8/131854549/1759649175.jpg]
[108-2.dday.dschool.ntu.edu.tw/uploads/1/3/1/8/131854549/ds5105-0920697575_orig.png]
[108-2.dday.dschool.ntu.edu.tw/uploads/1/3/1/8/131854549/1285688090.jpg]
[108-2.dday.dschool.ntu.edu.tw/uploads/1/3/1/8/131854549/ds5105-go_orig.jpg]
[108-2.dday.dschool.ntu.edu.tw/uploads/1/3/1/8/131854549/ds5107-photo05_orig.jpg]
[108-2.dday.dschool.ntu.edu.tw/uploads/1/3/1/8/131854549/wenn-chieh-tsai_orig.png]
[108-2.dday.dschool.ntu.edu.tw/uploads/1/3/1/8/131854549/li-monday_orig.jpg]
[108-2.dday.dschool.ntu.edu.tw/uploads/1/3/1/8/131854549/anchor_orig.png]
[108-2.dday.dschool.ntu.edu.tw/uploads/1/3/1/8/131854549/cs-poster.png]
[108-2.dday.dschool.ntu.edu.tw/uploads/1/3/1/8/131854549/49252671.jpg]
[108-2.dday.dschool.ntu.edu.tw/uploads/1/3/1/8/131854549/chia-wei-kuo360.jpg]
[108-2.dday.dschool.ntu.edu.tw/uploads/1/3/1/8/131854549/editor/kuei-yuan-chan.png]
[108-2.dday.dschool.ntu.edu.tw/uploads/1/3/1/8/131854549/editor/wenn-chieh-tsai.png]
[108-2.dday.dschool.ntu.edu.tw/uploads/1/3/1/8/131854549/editor/360_3.jpg]
[108-2.dday.dschool.ntu.edu.tw/uploads/1/3/1/8/131854549/ds5105-p-01.jpg]
[108-2.dday.dschool.ntu.edu.tw/uploads/1/3/1/8/131854549/ds5105-p-02_orig.jpg]
[108-2.dday.dschool.ntu.edu.tw/uploads/1/3/1/8/131854549/editor/ds5105-p-03.jpg]
[108-2.dday.dschool.ntu.edu.tw/uploads/1/3/1/8/131854549/prog5238-team1_orig.jpg]
[108-2.dday.dschool.ntu.edu.tw/uploads/1/3/1/8/131854549/prog5238-team2_orig.jpg]
[108-2.dday.dschool.ntu.edu.tw/353733533624605327712594532244201542516522521329463550631243.html]
[108-2.dday.dschool.ntu.edu.tw/uploads/1/3/1/8/131854549/prog5238-team3_orig.jpg]
[108-2.dday.dschool.ntu.edu.tw/uploads/1/3/1/8/131854549/ds5105-p-04.jpg]
[108-2.dday.dschool.ntu.edu.tw/uploads/1/3/1/8/131854549/1690396907_orig.png]
[108-2.dday.dschool.ntu.edu.tw/uploads/1/3/1/8/131854549/1539642456.png]
[108-2.dday.dschool.ntu.edu.tw/uploads/1/3/1/8/131854549/1259725860_orig.png]
[108-2.dday.dschool.ntu.edu.tw/uploads/1/3/1/8/131854549/1882542372_orig.png]
[108-2.dday.dschool.ntu.edu.tw/uploads/1/3/1/8/131854549/2027362650_orig.png]
[108-2.dday.dschool.ntu.edu.tw/uploads/1/3/1/8/131854549/1424119248_orig.jpg]
[108-2.dday.dschool.ntu.edu.tw/uploads/1/3/1/8/131854549/30101833_orig.png]
[108-2.dday.dschool.ntu.edu.tw/uploads/1/3/1/8/131854549/1765446069.png]
[108-2.dday.dschool.ntu.edu.tw/uploads/1/3/1/8/131854549/360.jpg]
[108-2.dday.dschool.ntu.edu.tw/uploads/1/3/1/8/131854549/prog5238-1_orig.png]
[108-2.dday.dschool.ntu.edu.tw/uploads/1/3/1/8/131854549/prog5238-2_orig.png]
[108-2.dday.dschool.ntu.edu.tw/211092603221407224112352620316.html]
[108-2.dday.dschool.ntu.edu.tw/uploads/1/3/1/8/131854549/prog5238-3_orig.png]
[108-2.dday.dschool.ntu.edu.tw/uploads/1/3/1/8/131854549/365547471.png]
[108-2.dday.dschool.ntu.edu.tw/uploads/1/3/1/8/131854549/prog5238-4_orig.png]
[108-2.dday.dschool.ntu.edu.tw/uploads/1/3/1/8/131854549/prog5238-5_orig.png]
[108-2.dday.dschool.ntu.edu.tw/uploads/1/3/1/8/131854549/p-cep-logo-01_3.png]
[108-2.dday.dschool.ntu.edu.tw/uploads/1/3/1/8/131854549/wang.png]
[108-2.dday.dschool.ntu.edu.tw/uploads/1/3/1/8/131854549/1274392345.jpg]
[108-2.dday.dschool.ntu.edu.tw/211092698923560389883074031350332873534235542.html]
[108-2.dday.dschool.ntu.edu.tw/uploads/1/3/1/8/131854549/prog5238-6_orig.png]
[108-2.dday.dschool.ntu.edu.tw/uploads/1/3/1/8/131854549/editor/p-cep-logo-01_6.png]
[108-2.dday.dschool.ntu.edu.tw/uploads/1/3/1/8/131854549/1044045078_orig.jpg]
[108-2.dday.dschool.ntu.edu.tw/uploads/1/3/1/8/131854549/943649786_orig.jpg]
[108-2.dday.dschool.ntu.edu.tw/uploads/1/3/1/8/131854549/1145815915_orig.jpg]
[108-2.dday.dschool.ntu.edu.tw/uploads/1/3/1/8/131854549/1903436109_orig.jpg]
[108-2.dday.dschool.ntu.edu.tw/uploads/1/3/1/8/131854549/447332910_orig.jpg]
[108-2.dday.dschool.ntu.edu.tw/uploads/1/3/1/8/131854549/1297247933_orig.jpg]
[108-2.dday.dschool.ntu.edu.tw/uploads/1/3/1/8/131854549/1409408437_orig.jpg]
[108-2.dday.dschool.ntu.edu.tw/uploads/1/3/1/8/131854549/1905482701_orig.jpg]
[108-2.dday.dschool.ntu.edu.tw/uploads/1/3/1/8/131854549/huai-hsuan-chen_orig.png]
[108-2.dday.dschool.ntu.edu.tw/uploads/1/3/1/8/131854549/ann-tuesday_orig.jpg]
[108-2.dday.dschool.ntu.edu.tw/uploads/1/3/1/8/131854549/1778366148_orig.jpg]
[108-2.dday.dschool.ntu.edu.tw/uploads/1/3/1/8/131854549/1060956849_orig.jpg]
[108-2.dday.dschool.ntu.edu.tw/uploads/1/3/1/8/131854549/554918951_orig.jpg]
[108-2.dday.dschool.ntu.edu.tw/uploads/1/3/1/8/131854549/hong-da-hsieh.jpg]
[108-2.dday.dschool.ntu.edu.tw/uploads/1/3/1/8/131854549/1414322822.jpg]
[108-2.dday.dschool.ntu.edu.tw/34269348993328721109203168203.html]
[108-2.dday.dschool.ntu.edu.tw/uploads/1/3/1/8/131854549/5103-1_orig.png]
[108-2.dday.dschool.ntu.edu.tw/wed.html]
[108-2.dday.dschool.ntu.edu.tw/uploads/1/3/1/8/131854549/5103-2_orig.png]
[108-2.dday.dschool.ntu.edu.tw/uploads/1/3/1/8/131854549/editor/p-cep-logo-01_7.png]
[108-2.dday.dschool.ntu.edu.tw/uploads/1/3/1/8/131854549/5103-3_orig.png]
[108-2.dday.dschool.ntu.edu.tw/uploads/1/3/1/8/131854549/5103-4_orig.jpg]
[108-2.dday.dschool.ntu.edu.tw/uploads/1/3/1/8/131854549/5103-5_orig.jpg]
[108-2.dday.dschool.ntu.edu.tw/uploads/1/3/1/8/131854549/borrome_orig.png]
[108-2.dday.dschool.ntu.edu.tw/uploads/1/3/1/8/131854549/web-icon_orig.png]
[108-2.dday.dschool.ntu.edu.tw/uploads/1/3/1/8/131854549/contal_orig.jpg]
[108-2.dday.dschool.ntu.edu.tw/uploads/1/3/1/8/131854549/fb-icon_orig.png]
[108-2.dday.dschool.ntu.edu.tw/uploads/1/3/1/8/131854549/line-icon_orig.png]
[108-2.dday.dschool.ntu.edu.tw/uploads/1/3/1/8/131854549/esscent_1.png]
[108-2.dday.dschool.ntu.edu.tw/uploads/1/3/1/8/131854549/foodeast_orig.jpg]
[108-2.dday.dschool.ntu.edu.tw/uploads/1/3/1/8/131854549/so-cake_1.jpg]
[108-2.dday.dschool.ntu.edu.tw/uploads/1/3/1/8/131854549/web-icon.png]
[108-2.dday.dschool.ntu.edu.tw/uploads/1/3/1/8/131854549/editor/fb-icon.png]
[108-2.dday.dschool.ntu.edu.tw/uploads/1/3/1/8/131854549/tiemeup-1_orig.png]
[108-2.dday.dschool.ntu.edu.tw/uploads/1/3/1/8/131854549/ig-icon_orig.png]
[108-2.dday.dschool.ntu.edu.tw/uploads/1/3/1/8/131854549/unikit_1.png]
[108-2.dday.dschool.ntu.edu.tw/uploads/1/3/1/8/131854549/carbo_orig.png]
[108-2.dday.dschool.ntu.edu.tw/uploads/1/3/1/8/131854549/1575983199_1.png]
[108-2.dday.dschool.ntu.edu.tw/uploads/1/3/1/8/131854549/editor/robin-bing-yu-chen_3.png]
[108-2.dday.dschool.ntu.edu.tw/uploads/1/3/1/8/131854549/editor/ching-hsuan-lin_7.png]
[108-2.dday.dschool.ntu.edu.tw/uploads/1/3/1/8/131854549/editor/2059514790.jpg]
[108-2.dday.dschool.ntu.edu.tw/uploads/1/3/1/8/131854549/editor/1542292284.jpg]
[108-2.dday.dschool.ntu.edu.tw/uploads/1/3/1/8/131854549/2082-3_orig.jpg]
[108-2.dday.dschool.ntu.edu.tw/uploads/1/3/1/8/131854549/2082-4_orig.jpg]
[108-2.dday.dschool.ntu.edu.tw/uploads/1/3/1/8/131854549/2082-5_orig.jpg]
[108-2.dday.dschool.ntu.edu.tw/uploads/1/3/1/8/131854549/2082-6_orig.jpg]
[108-2.dday.dschool.ntu.edu.tw/uploads/1/3/1/8/131854549/2082-7_orig.jpg]
[108-2.dday.dschool.ntu.edu.tw/uploads/1/3/1/8/131854549/prog2082-wang_orig.png]
[108-2.dday.dschool.ntu.edu.tw/uploads/1/3/1/8/131854549/prog2082-hsu_orig.png]
[108-2.dday.dschool.ntu.edu.tw/uploads/1/3/1/8/131854549/prog2082-9_orig.jpg]
[108-2.dday.dschool.ntu.edu.tw/uploads/1/3/1/8/131854549/prog2082-sh_orig.png]
[108-2.dday.dschool.ntu.edu.tw/uploads/1/3/1/8/131854549/2082-dcard_orig.jpg]
[108-2.dday.dschool.ntu.edu.tw/uploads/1/3/1/8/131854549/prog2082-liu_orig.jpg]
[108-2.dday.dschool.ntu.edu.tw/uploads/1/3/1/8/131854549/prog2082-ju_orig.jpg]
[108-2.dday.dschool.ntu.edu.tw/uploads/1/3/1/8/131854549/prog2082-lwi_orig.jpg]
[108-2.dday.dschool.ntu.edu.tw/uploads/1/3/1/8/131854549/prog2082-ho_orig.jpg]
[108-2.dday.dschool.ntu.edu.tw/uploads/1/3/1/8/131854549/2019319854_orig.png]
[108-2.dday.dschool.ntu.edu.tw/uploads/1/3/1/8/131854549/871861779.jpg]
[108-2.dday.dschool.ntu.edu.tw/uploads/1/3/1/8/131854549/2064563125_orig.png]
[108-2.dday.dschool.ntu.edu.tw/uploads/1/3/1/8/131854549/2109408675.jpg]
[108-2.dday.dschool.ntu.edu.tw/uploads/1/3/1/8/131854549/1507196111_1.png]
[108-2.dday.dschool.ntu.edu.tw/uploads/1/3/1/8/131854549/editor/1234415156.jpg]
[108-2.dday.dschool.ntu.edu.tw/uploads/1/3/1/8/131854549/shang-hsien-hsieh.png]
[108-2.dday.dschool.ntu.edu.tw/uploads/1/3/1/8/131854549/360_9.jpg]
[108-2.dday.dschool.ntu.edu.tw/uploads/1/3/1/8/131854549/1621222315.jpg]
[108-2.dday.dschool.ntu.edu.tw/uploads/1/3/1/8/131854549/editor/01_4.png]
[108-2.dday.dschool.ntu.edu.tw/uploads/1/3/1/8/131854549/ctps-1_orig.jpg]
[108-2.dday.dschool.ntu.edu.tw/uploads/1/3/1/8/131854549/ctps-1.jpg]
[108-2.dday.dschool.ntu.edu.tw/uploads/1/3/1/8/131854549/cep-inter.jpg]
[108-2.dday.dschool.ntu.edu.tw/uploads/1/3/1/8/131854549/ctps-2_orig.jpg]
[108-2.dday.dschool.ntu.edu.tw/uploads/1/3/1/8/131854549/ctps-2.jpg]
[108-2.dday.dschool.ntu.edu.tw/uploads/1/3/1/8/131854549/1352540913.jpg]
[108-2.dday.dschool.ntu.edu.tw/uploads/1/3/1/8/131854549/440472080.png]
[108-2.dday.dschool.ntu.edu.tw/uploads/1/3/1/8/131854549/1352407263.png]
[108-2.dday.dschool.ntu.edu.tw/uploads/1/3/1/8/131854549/sd01_orig.png]
[108-2.dday.dschool.ntu.edu.tw/uploads/1/3/1/8/131854549/sd02_orig.png]
[108-2.dday.dschool.ntu.edu.tw/uploads/1/3/1/8/131854549/sd-2_orig.png]
[108-2.dday.dschool.ntu.edu.tw/uploads/1/3/1/8/131854549/1020005093_orig.jpg]
[108-2.dday.dschool.ntu.edu.tw/uploads/1/3/1/8/131854549/sd-3_orig.png]
[108-2.dday.dschool.ntu.edu.tw/uploads/1/3/1/8/131854549/sd-10_orig.png]
[108-2.dday.dschool.ntu.edu.tw/uploads/1/3/1/8/131854549/ichoco.jpg]
[108-2.dday.dschool.ntu.edu.tw/uploads/1/3/1/8/131854549/sd-1_orig.png]
[108-2.dday.dschool.ntu.edu.tw/uploads/1/3/1/8/131854549/sd-4_orig.png]
[108-2.dday.dschool.ntu.edu.tw/uploads/1/3/1/8/131854549/1453942153.png]
[108-2.dday.dschool.ntu.edu.tw/uploads/1/3/1/8/131854549/sd-5_orig.png]
[108-2.dday.dschool.ntu.edu.tw/uploads/1/3/1/8/131854549/editor/1283478632.png]
[108-2.dday.dschool.ntu.edu.tw/uploads/1/3/1/8/131854549/sd-6_orig.png]
[108-2.dday.dschool.ntu.edu.tw/uploads/1/3/1/8/131854549/co2-eation_orig.jpg]
[108-2.dday.dschool.ntu.edu.tw/uploads/1/3/1/8/131854549/cep-inter2_orig.jpg]
[108-2.dday.dschool.ntu.edu.tw/uploads/1/3/1/8/131854549/sd-7_orig.png]
[108-2.dday.dschool.ntu.edu.tw/uploads/1/3/1/8/131854549/ching-hsuan-lin.png]
[108-2.dday.dschool.ntu.edu.tw/uploads/1/3/1/8/131854549/994260642.jpg]
[108-2.dday.dschool.ntu.edu.tw/2228338555387382418021109269892356026696.html]
[108-2.dday.dschool.ntu.edu.tw/uploads/1/3/1/8/131854549/sd-8_orig.png]
[108-2.dday.dschool.ntu.edu.tw/uploads/1/3/1/8/131854549/editor/p-cep-logo-01_8.png]
[108-2.dday.dschool.ntu.edu.tw/uploads/1/3/1/8/131854549/1334522867_orig.png]
[108-2.dday.dschool.ntu.edu.tw/uploads/1/3/1/8/131854549/ng01_orig.jpg]
[108-2.dday.dschool.ntu.edu.tw/uploads/1/3/1/8/131854549/ng02_orig.jpg]
[108-2.dday.dschool.ntu.edu.tw/uploads/1/3/1/8/131854549/gary-wang.jpg]
[108-2.dday.dschool.ntu.edu.tw/uploads/1/3/1/8/131854549/sd-9_orig.png]
[108-2.dday.dschool.ntu.edu.tw/uploads/1/3/1/8/131854549/796421083.png]
[108-2.dday.dschool.ntu.edu.tw/26032199902019521109260322110926989303402723126371332872536125136.html]
[108-2.dday.dschool.ntu.edu.tw/uploads/1/3/1/8/131854549/0966050345_orig.png]
[108-2.dday.dschool.ntu.edu.tw/uploads/1/3/1/8/131854549/prog52106-02-poster_orig.png]
[108-2.dday.dschool.ntu.edu.tw/uploads/1/3/1/8/131854549/prog5216-04_orig.png]
[108-2.dday.dschool.ntu.edu.tw/uploads/1/3/1/8/131854549/robin-bing-yu-chen.png]
[108-2.dday.dschool.ntu.edu.tw/uploads/1/3/1/8/131854549/sheng-lin-elijah-chang.png]
[108-2.dday.dschool.ntu.edu.tw/uploads/1/3/1/8/131854549/wenn-chieh-tsai_4.png]
[108-2.dday.dschool.ntu.edu.tw/uploads/1/3/1/8/131854549/editor/174803200.jpg]
[108-2.dday.dschool.ntu.edu.tw/uploads/1/3/1/8/131854549/editor/wu-g.jpg]
[108-2.dday.dschool.ntu.edu.tw/3693825138201542998365306369382513830340383213571233287208773537335336.html]
[108-2.dday.dschool.ntu.edu.tw/thur.html]
[108-2.dday.dschool.ntu.edu.tw/uploads/1/3/1/8/131854549/lin-g.jpg]
[108-2.dday.dschool.ntu.edu.tw/uploads/1/3/1/8/131854549/editor/p-cep-logo-01_9.png]
[108-2.dday.dschool.ntu.edu.tw/uploads/1/3/1/8/131854549/cep-service-1_orig.jpg]
[108-2.dday.dschool.ntu.edu.tw/uploads/1/3/1/8/131854549/cep-service-2_orig.jpg]
[108-2.dday.dschool.ntu.edu.tw/uploads/1/3/1/8/131854549/lai.png]
[108-2.dday.dschool.ntu.edu.tw/uploads/1/3/1/8/131854549/1393496612.png]
[108-2.dday.dschool.ntu.edu.tw/21109260322638121209218302698927169243353537335336.html]
[108-2.dday.dschool.ntu.edu.tw/uploads/1/3/1/8/131854549/bicyle-01_orig.png]
[108-2.dday.dschool.ntu.edu.tw/uploads/1/3/1/8/131854549/img-1882_orig.jpg]
[108-2.dday.dschool.ntu.edu.tw/uploads/1/3/1/8/131854549/img-2530_orig.jpg]
[108-2.dday.dschool.ntu.edu.tw/uploads/1/3/1/8/131854549/img-3548_orig.jpg]
[108-2.dday.dschool.ntu.edu.tw/uploads/1/3/1/8/131854549/bicyle-02_orig.png]
[108-2.dday.dschool.ntu.edu.tw/uploads/1/3/1/8/131854549/img-0077_orig.jpg]
[108-2.dday.dschool.ntu.edu.tw/uploads/1/3/1/8/131854549/img-8729_orig.jpg]
[108-2.dday.dschool.ntu.edu.tw/uploads/1/3/1/8/131854549/bicyle-03-n-1_orig.png]
[108-2.dday.dschool.ntu.edu.tw/uploads/1/3/1/8/131854549/img-2796-2_orig.jpg]
[108-2.dday.dschool.ntu.edu.tw/uploads/1/3/1/8/131854549/img-9295_orig.jpg]
[108-2.dday.dschool.ntu.edu.tw/uploads/1/3/1/8/131854549/1414660562.jpg]
[108-2.dday.dschool.ntu.edu.tw/21934365542247824066.html]
[108-2.dday.dschool.ntu.edu.tw/fri.html]
[108-2.dday.dschool.ntu.edu.tw/uploads/1/3/1/8/131854549/editor/01_10.png]
[108-2.dday.dschool.ntu.edu.tw/uploads/1/3/1/8/131854549/00_orig.png]
[108-2.dday.dschool.ntu.edu.tw/uploads/1/3/1/8/131854549/lc-2_orig.png]
[108-2.dday.dschool.ntu.edu.tw/uploads/1/3/1/8/131854549/lc-4_orig.png]
[108-2.dday.dschool.ntu.edu.tw/uploads/1/3/1/8/131854549/lc-5_orig.png]
[108-2.dday.dschool.ntu.edu.tw/uploads/1/3/1/8/131854549/lc-6_orig.png]
[108-2.dday.dschool.ntu.edu.tw/uploads/1/3/1/8/131854549/lc-7_orig.png]
[108-2.dday.dschool.ntu.edu.tw/uploads/1/3/1/8/131854549/lc-8_orig.png]
[108-2.dday.dschool.ntu.edu.tw/uploads/1/3/1/8/131854549/lc-9_orig.png]
[108-2.dday.dschool.ntu.edu.tw/uploads/1/3/1/8/131854549/lc-10_orig.png]
[108-2.dday.dschool.ntu.edu.tw/uploads/1/3/1/8/131854549/kuei-yuan-chan_orig.png]
[108-2.dday.dschool.ntu.edu.tw/uploads/1/3/1/8/131854549/editor/360_13.jpg]
[108-2.dday.dschool.ntu.edu.tw/uploads/1/3/1/8/131854549/p5230-light_orig.jpg]
[108-2.dday.dschool.ntu.edu.tw/uploads/1/3/1/8/131854549/editor/p5230-hsu.jpg]
[108-2.dday.dschool.ntu.edu.tw/uploads/1/3/1/8/131854549/p5230_orig.jpg]
[108-2.dday.dschool.ntu.edu.tw/uploads/1/3/1/8/131854549/p5230-hsiao_orig.jpg]
[108-2.dday.dschool.ntu.edu.tw/uploads/1/3/1/8/131854549/p5230-lin_orig.jpg]
[108-2.dday.dschool.ntu.edu.tw/208442766525945329462701035542332872352636368.html]
[108-2.dday.dschool.ntu.edu.tw/uploads/1/3/1/8/131854549/editor/01_11.png]
[108-2.dday.dschool.ntu.edu.tw/uploads/1/3/1/8/131854549/485382659.jpg]
[108-2.dday.dschool.ntu.edu.tw/uploads/1/3/1/8/131854549/1275601156.png]
[108-2.dday.dschool.ntu.edu.tw/2085631684202252698936939203162460532173.html]
[108-2.dday.dschool.ntu.edu.tw/uploads/1/3/1/8/131854549/5235-1_orig.png]
[108-2.dday.dschool.ntu.edu.tw/uploads/1/3/1/8/131854549/5235-2_orig.png]
[108-2.dday.dschool.ntu.edu.tw/uploads/1/3/1/8/131854549/5235-3_orig.png]
[108-2.dday.dschool.ntu.edu.tw/uploads/1/3/1/8/131854549/5235-4_orig.png]
[108-2.dday.dschool.ntu.edu.tw/uploads/1/3/1/8/131854549/5235-5_orig.png]
[108-2.dday.dschool.ntu.edu.tw/uploads/1/3/1/8/131854549/5235-6_orig.png]
[108-2.dday.dschool.ntu.edu.tw/uploads/1/3/1/8/131854549/5235-7_orig.png]
[108-2.dday.dschool.ntu.edu.tw/uploads/1/3/1/8/131854549/5235-8_orig.png]
[108-2.dday.dschool.ntu.edu.tw/uploads/1/3/1/8/131854549/5235-9_orig.png]
[108-2.dday.dschool.ntu.edu.tw/uploads/1/3/1/8/131854549/5235-10_orig.png]
[108-2.dday.dschool.ntu.edu.tw/uploads/1/3/1/8/131854549/5235-11_orig.png]
[108-2.dday.dschool.ntu.edu.tw/uploads/1/3/1/8/131854549/5235-12_orig.png]
[108-2.dday.dschool.ntu.edu.tw/uploads/1/3/1/8/131854549/5235-13_orig.png]
[108-2.dday.dschool.ntu.edu.tw/uploads/1/3/1/8/131854549/5235-14_orig.png]
[108-2.dday.dschool.ntu.edu.tw/uploads/1/3/1/8/131854549/editor/huai-hsuan-chen.png]
[108-2.dday.dschool.ntu.edu.tw/uploads/1/3/1/8/131854549/249070950.jpg]
[108-2.dday.dschool.ntu.edu.tw/2363728436332873103826371.html]
[108-2.dday.dschool.ntu.edu.tw/uploads/1/3/1/8/131854549/dsyourlife-1_orig.png]
[108-2.dday.dschool.ntu.edu.tw/uploads/1/3/1/8/131854549/dsyourlife-2_orig.png]
[108-2.dday.dschool.ntu.edu.tw/uploads/1/3/1/8/131854549/dsyourlife-4_1.png]
[108-2.dday.dschool.ntu.edu.tw/uploads/1/3/1/8/131854549/dsyourlife-3_1.png]
[108-2.dday.dschool.ntu.edu.tw/uploads/1/3/1/8/131854549/dsyourlife-6_1.png]
[108-2.dday.dschool.ntu.edu.tw/uploads/1/3/1/8/131854549/dsyourlife-5_orig.png]
[108-2.dday.dschool.ntu.edu.tw/uploads/1/3/1/8/131854549/snow-h-tseng.jpg]
[108-2.dday.dschool.ntu.edu.tw/uploads/1/3/1/8/131854549/1499368921.jpg]
[108-2.dday.dschool.ntu.edu.tw/uploads/1/3/1/8/131854549/jacky_orig.jpg]
[108-2.dday.dschool.ntu.edu.tw/353733533620320303402015429983.html]
[108-2.dday.dschool.ntu.edu.tw/uploads/1/3/1/8/131854549/editor/01_9.png]
[108-2.dday.dschool.ntu.edu.tw/uploads/1/3/1/8/131854549/you.png]
[108-2.dday.dschool.ntu.edu.tw/uploads/1/3/1/8/131854549/5_山海鯨.mp3]
[108-2.dday.dschool.ntu.edu.tw/uploads/1/3/1/8/131854549/5-1_orig.jpg]
[108-2.dday.dschool.ntu.edu.tw/uploads/1/3/1/8/131854549/5-1.jpg]
[108-2.dday.dschool.ntu.edu.tw/uploads/1/3/1/8/131854549/5-2_orig.jpg]
[108-2.dday.dschool.ntu.edu.tw/uploads/1/3/1/8/131854549/5-2.jpg]
[108-2.dday.dschool.ntu.edu.tw/uploads/1/3/1/8/131854549/5-3_orig.jpg]
[108-2.dday.dschool.ntu.edu.tw/uploads/1/3/1/8/131854549/5-3.jpg]
[108-2.dday.dschool.ntu.edu.tw/uploads/1/3/1/8/131854549/5-4_orig.jpg]
[108-2.dday.dschool.ntu.edu.tw/uploads/1/3/1/8/131854549/5-4.jpg]
[108-2.dday.dschool.ntu.edu.tw/uploads/1/3/1/8/131854549/kuei-yuan-chan_1.png]
[108-2.dday.dschool.ntu.edu.tw/uploads/1/3/1/8/131854549/360_4.jpg]
[108-2.dday.dschool.ntu.edu.tw/36914385423893623566235603898820108.html]
[108-2.dday.dschool.ntu.edu.tw/sat.html]
[108-2.dday.dschool.ntu.edu.tw/uploads/1/3/1/8/131854549/field-poster_orig.png]
[108-2.dday.dschool.ntu.edu.tw/uploads/1/3/1/8/131854549/bp-fb-banner_orig.jpg]
[108-2.dday.dschool.ntu.edu.tw/uploads/1/3/1/8/131854549/bp-anchor_orig.png]
[108-2.dday.dschool.ntu.edu.tw/uploads/1/3/1/8/131854549/editor/101.jpg]
[108-2.dday.dschool.ntu.edu.tw/uploads/1/3/1/8/131854549/editor/695814917.png]
[108-2.dday.dschool.ntu.edu.tw/uploads/1/3/1/8/131854549/editor/1112812261.png]
[108-2.dday.dschool.ntu.edu.tw/uploads/1/3/1/8/131854549/editor/787365015.png]
[108-2.dday.dschool.ntu.edu.tw/uploads/1/3/1/8/131854549/1723991556.png]
[108-2.dday.dschool.ntu.edu.tw/uploads/1/3/1/8/131854549/editor/1139081767.png]
[108-2.dday.dschool.ntu.edu.tw/uploads/1/3/1/8/131854549/243151614_orig.png]
[108-2.dday.dschool.ntu.edu.tw/uploads/1/3/1/8/131854549/1364112171.png]
[108-2.dday.dschool.ntu.edu.tw/uploads/1/3/1/8/131854549/1-mb8ylz0lz9witnl7qi7msw.jpg]
[108-2.dday.dschool.ntu.edu.tw/uploads/1/3/1/8/131854549/editor/shu-wei-huang.jpg]
[108-2.dday.dschool.ntu.edu.tw/uploads/1/3/1/8/131854549/862138497.jpg]
[108-2.dday.dschool.ntu.edu.tw/uploads/1/3/1/8/131854549/bp-01_orig.jpg]
[108-2.dday.dschool.ntu.edu.tw/uploads/1/3/1/8/131854549/bp-02_orig.jpg]
[108-2.dday.dschool.ntu.edu.tw/uploads/1/3/1/8/131854549/bp-03_orig.jpg]
[108-2.dday.dschool.ntu.edu.tw/uploads/1/3/1/8/131854549/bp-04_orig.jpg]
[108-2.dday.dschool.ntu.edu.tw/3000037326240372031622346.html]
[108-2.dday.dschool.ntu.edu.tw/uploads/1/3/1/8/131854549/bp-05_orig.jpg]
[108-2.dday.dschool.ntu.edu.tw/uploads/1/3/1/8/131854549/image-92_orig.png]
[108-2.dday.dschool.ntu.edu.tw/uploads/1/3/1/8/131854549/love2_orig.png]
[108-2.dday.dschool.ntu.edu.tw/uploads/1/3/1/8/131854549/huai-hsuan-chen.png]
[108-2.dday.dschool.ntu.edu.tw/uploads/1/3/1/8/131854549/375117475.jpg]
[108-2.dday.dschool.ntu.edu.tw/223122232023637408016530612300234782599121270123012356038988.html]
[108-2.dday.dschool.ntu.edu.tw/uploads/1/3/1/8/131854549/ds5104-1t-1-0987132876-page-0001_orig.jpg]
[108-2.dday.dschool.ntu.edu.tw/uploads/1/3/1/8/131854549/1_orig.jpg]
[108-2.dday.dschool.ntu.edu.tw/uploads/1/3/1/8/131854549/ds5104-1t-2-0917611788-page-0001_orig.jpg]
[108-2.dday.dschool.ntu.edu.tw/uploads/1/3/1/8/131854549/2_orig.jpg]
[108-2.dday.dschool.ntu.edu.tw/uploads/1/3/1/8/131854549/ds5104-1t-3-0978652075_orig.jpg]
[108-2.dday.dschool.ntu.edu.tw/uploads/1/3/1/8/131854549/3_orig.jpg]
[108-2.dday.dschool.ntu.edu.tw/uploads/1/3/1/8/131854549/ds5104-1t-4-0910225165_orig.jpg]
[108-2.dday.dschool.ntu.edu.tw/uploads/1/3/1/8/131854549/4_orig.jpg]
[108-2.dday.dschool.ntu.edu.tw/uploads/1/3/1/8/131854549/ds5104-1t-5-page-0001_orig.jpg]
[108-2.dday.dschool.ntu.edu.tw/uploads/1/3/1/8/131854549/5-u-brella_orig.jpg]
[108-2.dday.dschool.ntu.edu.tw/uploads/1/3/1/8/131854549/ds5104-1t-6-0978429562-page-0001_orig.jpg]
[108-2.dday.dschool.ntu.edu.tw/uploads/1/3/1/8/131854549/6-fixed-it_orig.jpg]
[108-2.dday.dschool.ntu.edu.tw/uploads/1/3/1/8/131854549/ds5104-1t-7-page-0001_orig.jpg]
[108-2.dday.dschool.ntu.edu.tw/uploads/1/3/1/8/131854549/editor/7.jpg]
[108-2.dday.dschool.ntu.edu.tw/uploads/1/3/1/8/131854549/ds5104-1t-8-0978436328-page-0001_orig.jpg]
[108-2.dday.dschool.ntu.edu.tw/uploads/1/3/1/8/131854549/8_orig.jpg]
[108-2.dday.dschool.ntu.edu.tw/uploads/1/3/1/8/131854549/ds5104-1t-9-092530199-page-0001_orig.jpg]
[108-2.dday.dschool.ntu.edu.tw/uploads/1/3/1/8/131854549/9-uber-fixing_orig.jpg]
[108-2.dday.dschool.ntu.edu.tw/uploads/1/3/1/8/131854549/ds5104-1t-10-0916392033-page-0001_orig.jpg]
[108-2.dday.dschool.ntu.edu.tw/uploads/1/3/1/8/131854549/10-time_orig.jpg]
[108-2.dday.dschool.ntu.edu.tw/uploads/1/3/1/8/131854549/shu-wei-huang_1.jpg]
[108-2.dday.dschool.ntu.edu.tw/uploads/1/3/1/8/131854549/360_6.jpg]
[108-2.dday.dschool.ntu.edu.tw/353733533624605327712083738272-1t.html]
[108-2.dday.dschool.ntu.edu.tw/uploads/1/3/1/8/131854549/ds5104-2t-505-1-0929068793_orig.jpg]
[108-2.dday.dschool.ntu.edu.tw/uploads/1/3/1/8/131854549/505-1-prototype_orig.jpg]
[108-2.dday.dschool.ntu.edu.tw/uploads/1/3/1/8/131854549/ds5104-2t-505-2-0953242726_orig.jpg]
[108-2.dday.dschool.ntu.edu.tw/uploads/1/3/1/8/131854549/505-2_orig.jpg]
[108-2.dday.dschool.ntu.edu.tw/uploads/1/3/1/8/131854549/ds5104-2t-505-3-0900192942_orig.jpg]
[108-2.dday.dschool.ntu.edu.tw/uploads/1/3/1/8/131854549/505-3_orig.jpg]
[108-2.dday.dschool.ntu.edu.tw/uploads/1/3/1/8/131854549/ds5104-2t-505-4-0979265802_orig.jpg]
[108-2.dday.dschool.ntu.edu.tw/uploads/1/3/1/8/131854549/505-4_orig.jpg]
[108-2.dday.dschool.ntu.edu.tw/uploads/1/3/1/8/131854549/ds5104-2t-505-5_orig.jpg]
[108-2.dday.dschool.ntu.edu.tw/uploads/1/3/1/8/131854549/505-5-we-share-design_orig.jpg]
[108-2.dday.dschool.ntu.edu.tw/uploads/1/3/1/8/131854549/ds5104-2t-508-1-0922882151_orig.jpg]
[108-2.dday.dschool.ntu.edu.tw/uploads/1/3/1/8/131854549/508-1_orig.jpg]
[108-2.dday.dschool.ntu.edu.tw/uploads/1/3/1/8/131854549/ds5104-2t-508-2-0933350525_orig.jpg]
[108-2.dday.dschool.ntu.edu.tw/uploads/1/3/1/8/131854549/508-2_orig.jpg]
[108-2.dday.dschool.ntu.edu.tw/uploads/1/3/1/8/131854549/ds5104-2t-508-3-0988761717_orig.jpg]
[108-2.dday.dschool.ntu.edu.tw/uploads/1/3/1/8/131854549/508-3_orig.jpg]
[108-2.dday.dschool.ntu.edu.tw/uploads/1/3/1/8/131854549/ds5104-2t-508-4-0975310634_orig.jpg]
[108-2.dday.dschool.ntu.edu.tw/uploads/1/3/1/8/131854549/508-4_orig.jpg]
[108-2.dday.dschool.ntu.edu.tw/uploads/1/3/1/8/131854549/ds5104-2t-508-5-0928442515_orig.jpg]
[108-2.dday.dschool.ntu.edu.tw/uploads/1/3/1/8/131854549/508-5_orig.jpg]
[108-2.dday.dschool.ntu.edu.tw/uploads/1/3/1/8/131854549/wenn-chieh-tsai.png]
[108-2.dday.dschool.ntu.edu.tw/uploads/1/3/1/8/131854549/360_7.jpg]
[108-2.dday.dschool.ntu.edu.tw/353733533624605327712083738272-2t.html]
[108-2.dday.dschool.ntu.edu.tw/uploads/1/3/1/8/131854549/editor/01_3.png]
[108-2.dday.dschool.ntu.edu.tw/uploads/1/3/1/8/131854549/editor/1.png]
[108-2.dday.dschool.ntu.edu.tw/uploads/1/3/1/8/131854549/editor/714637371.jpg]
[108-2.dday.dschool.ntu.edu.tw/uploads/1/3/1/8/131854549/commu.jpg]
[108-2.dday.dschool.ntu.edu.tw/uploads/1/3/1/8/131854549/1557489034.jpg]
[108-2.dday.dschool.ntu.edu.tw/283173689021147.html]
[108-2.dday.dschool.ntu.edu.tw/sun.html]
[108-2.dday.dschool.ntu.edu.tw/uploads/1/3/1/8/131854549/alphateam-logo-alpha-team_3.png]
[108-2.dday.dschool.ntu.edu.tw/uploads/1/3/1/8/131854549/fb-icon.png]
[108-2.dday.dschool.ntu.edu.tw/alpha-team.html]
[108-2.dday.dschool.ntu.edu.tw/uploads/1/3/1/8/131854549/aplha-11_orig.png]
[108-2.dday.dschool.ntu.edu.tw/uploads/1/3/1/8/131854549/editor/plus-logo-v7-01_2.png]
[108-2.dday.dschool.ntu.edu.tw/uploads/1/3/1/8/131854549/ntuplus-poster_orig.jpg]
[108-2.dday.dschool.ntu.edu.tw/uploads/1/3/1/8/131854549/farm-poster_orig.jpg]
[108-2.dday.dschool.ntu.edu.tw/uploads/1/3/1/8/131854549/farm-plus-2_orig.jpg]
[108-2.dday.dschool.ntu.edu.tw/uploads/1/3/1/8/131854549/farm-plus-1_orig.jpg]
[108-2.dday.dschool.ntu.edu.tw/uploads/1/3/1/8/131854549/farm-plus-1.jpg]
[108-2.dday.dschool.ntu.edu.tw/uploads/1/3/1/8/131854549/farm-plus-3_orig.jpg]
[108-2.dday.dschool.ntu.edu.tw/uploads/1/3/1/8/131854549/farm-plus-3.jpg]
[108-2.dday.dschool.ntu.edu.tw/uploads/1/3/1/8/131854549/farm-plus-4_orig.jpg]
[108-2.dday.dschool.ntu.edu.tw/uploads/1/3/1/8/131854549/farm-plus-4.jpg]
[108-2.dday.dschool.ntu.edu.tw/uploads/1/3/1/8/131854549/farm-plus-5_orig.jpg]
[108-2.dday.dschool.ntu.edu.tw/uploads/1/3/1/8/131854549/farm-plus-5.jpg]
[108-2.dday.dschool.ntu.edu.tw/uploads/1/3/1/8/131854549/farm-plus-6_orig.jpg]
[108-2.dday.dschool.ntu.edu.tw/uploads/1/3/1/8/131854549/farm-plus-6.jpg]
[108-2.dday.dschool.ntu.edu.tw/uploads/1/3/1/8/131854549/farm-plus-7_orig.jpg]
[108-2.dday.dschool.ntu.edu.tw/uploads/1/3/1/8/131854549/farm-plus-7.jpg]
[108-2.dday.dschool.ntu.edu.tw/uploads/1/3/1/8/131854549/food-poster_orig.jpg]
[108-2.dday.dschool.ntu.edu.tw/uploads/1/3/1/8/131854549/food-plus-2_orig.jpg]
[108-2.dday.dschool.ntu.edu.tw/uploads/1/3/1/8/131854549/food-plus-1_orig.jpg]
[108-2.dday.dschool.ntu.edu.tw/uploads/1/3/1/8/131854549/food-plus-1.jpg]
[108-2.dday.dschool.ntu.edu.tw/uploads/1/3/1/8/131854549/food-plus-3_orig.jpg]
[108-2.dday.dschool.ntu.edu.tw/uploads/1/3/1/8/131854549/food-plus-3.jpg]
[108-2.dday.dschool.ntu.edu.tw/uploads/1/3/1/8/131854549/food-plus-4_orig.jpg]
[108-2.dday.dschool.ntu.edu.tw/uploads/1/3/1/8/131854549/food-plus-4.jpg]
[108-2.dday.dschool.ntu.edu.tw/uploads/1/3/1/8/131854549/ho-chia-chueh.png]
[108-2.dday.dschool.ntu.edu.tw/uploads/1/3/1/8/131854549/yu-ju-chien.jpg]
[108-2.dday.dschool.ntu.edu.tw/uploads/1/3/1/8/131854549/1368414457.jpg]
[108-2.dday.dschool.ntu.edu.tw/uploads/1/3/1/8/131854549/huai-hsuan-chen_6.png]
[108-2.dday.dschool.ntu.edu.tw/ntuusr--2282323416plus.html]
[108-2.dday.dschool.ntu.edu.tw/uploads/1/3/1/8/131854549/editor/ntu-leathercraft-logo2_1.png]
[108-2.dday.dschool.ntu.edu.tw/uploads/1/3/1/8/131854549/image-from-ios-9_orig.jpg]
[108-2.dday.dschool.ntu.edu.tw/uploads/1/3/1/8/131854549/image-from-ios-12_orig.jpg]
[108-2.dday.dschool.ntu.edu.tw/uploads/1/3/1/8/131854549/image-from-ios-10_orig.jpg]
[108-2.dday.dschool.ntu.edu.tw/uploads/1/3/1/8/131854549/editor/ntu-leathercraft-logo2_2.png]
[108-2.dday.dschool.ntu.edu.tw/uploads/1/3/1/8/131854549/image-from-ios-11_orig.jpg]
[108-2.dday.dschool.ntu.edu.tw/uploads/1/3/1/8/131854549/image-from-ios-13_orig.jpg]
[108-2.dday.dschool.ntu.edu.tw/21488228233038238761251632031631038.html]
[108-2.dday.dschool.ntu.edu.tw/uploads/1/3/1/8/131854549/editor/ntumaker_1.png]
[108-2.dday.dschool.ntu.edu.tw/uploads/1/3/1/8/131854549/maker.png]
[108-2.dday.dschool.ntu.edu.tw/uploads/1/3/1/8/131854549/dsc-2487_orig.jpg]
[108-2.dday.dschool.ntu.edu.tw/uploads/1/3/1/8/131854549/dsc-2487.jpg]
[108-2.dday.dschool.ntu.edu.tw/uploads/1/3/1/8/131854549/dsc-2555_orig.jpg]
[108-2.dday.dschool.ntu.edu.tw/uploads/1/3/1/8/131854549/dsc-2555.jpg]
[108-2.dday.dschool.ntu.edu.tw/uploads/1/3/1/8/131854549/dsc-2568_orig.jpg]
[108-2.dday.dschool.ntu.edu.tw/uploads/1/3/1/8/131854549/dsc-2568.jpg]
[108-2.dday.dschool.ntu.edu.tw/uploads/1/3/1/8/131854549/dsc-2603_orig.jpg]
[108-2.dday.dschool.ntu.edu.tw/uploads/1/3/1/8/131854549/dsc-2603.jpg]
[108-2.dday.dschool.ntu.edu.tw/uploads/1/3/1/8/131854549/dsc-2743_orig.jpg]
[108-2.dday.dschool.ntu.edu.tw/uploads/1/3/1/8/131854549/dsc-2743.jpg]
[108-2.dday.dschool.ntu.edu.tw/uploads/1/3/1/8/131854549/s-12853329_orig.jpg]
[108-2.dday.dschool.ntu.edu.tw/uploads/1/3/1/8/131854549/s-12853329.jpg]
[108-2.dday.dschool.ntu.edu.tw/214882282333258368963277331038.html]
[108-2.dday.dschool.ntu.edu.tw/uploads/1/3/1/8/131854549/2071765821_orig.jpg]
[108-2.dday.dschool.ntu.edu.tw/uploads/1/3/1/8/131854549/editor/future-1_1.png]
[108-2.dday.dschool.ntu.edu.tw/26410203582282323416260452403720013.html]
[108-2.dday.dschool.ntu.edu.tw/uploads/1/3/1/8/131854549/218710301.jpg]
[108-2.dday.dschool.ntu.edu.tw/uploads/1/3/1/8/131854549/03-1_orig.jpg]
[108-2.dday.dschool.ntu.edu.tw/uploads/1/3/1/8/131854549/02-1_orig.jpg]
[108-2.dday.dschool.ntu.edu.tw/uploads/1/3/1/8/131854549/01-1_orig.jpg]
[108-2.dday.dschool.ntu.edu.tw/uploads/1/3/1/8/131854549/363333710_orig.jpg]
[108-2.dday.dschool.ntu.edu.tw/3852521488240372031623460.html]
[108-2.dday.dschool.ntu.edu.tw/_/uploads/1/3/1/8/131854549/background-images/721019707.html]
[108-2.dday.dschool.ntu.edu.tw/_blank.html]
[108-2.dday.dschool.ntu.edu.tw/files/theme/plugins.html]
[108-2.dday.dschool.ntu.edu.tw/files/theme/custom.html]
[108-2.dday.dschool.ntu.edu.tw/files/theme/images/quotef57e.html]
[108-2.dday.dschool.ntu.edu.tw/files/theme/images/default-bgf57e.html]
[108-2.dday.dschool.ntu.edu.tw/files/theme/images/select-dropdownf57e.html]
[108-2.dday.dschool.ntu.edu.tw/uploads/1/3/1/8/131854549/editor/_2.html]
[108-2.dday.dschool.ntu.edu.tw/uploads/1/3/1/8/131854549/light2_orig.jpg]
