[backblue.gif]
[fade.gif]
[index.html]
[108-2.dday.dschool.ntu.edu.tw/uploads/1/3/1/8/131854549/dschool-logo_orig.png]
[108-2.dday.dschool.ntu.edu.tw/uploads/1/3/1/8/131854549/alphateam-logo-alpha-team-2_orig.png]
[108-2.dday.dschool.ntu.edu.tw/uploads/1/3/1/8/131854549/ntuplus-logo_orig.png]
[108-2.dday.dschool.ntu.edu.tw/uploads/1/3/1/8/131854549/ntuleadership-logo_orig.png]
[108-2.dday.dschool.ntu.edu.tw/uploads/1/3/1/8/131854549/ntucep-logo_orig.png]
[108-2.dday.dschool.ntu.edu.tw/uploads/1/3/1/8/131854549/ntumaker-logo_orig.png]
[108-2.dday.dschool.ntu.edu.tw/uploads/1/3/1/8/131854549/futurentu-logo_orig.png]
[108-2.dday.dschool.ntu.edu.tw/uploads/1/3/1/8/131854549/ntuleathercraft-logo_orig.png]
[108-2.dday.dschool.ntu.edu.tw/uploads/1/3/1/8/131854549/we-1_orig.png]
[108-2.dday.dschool.ntu.edu.tw/uploads/1/3/1/8/131854549/we-2_orig.png]
[108-2.dday.dschool.ntu.edu.tw/uploads/1/3/1/8/131854549/we-3_orig.png]
[108-2.dday.dschool.ntu.edu.tw/uploads/1/3/1/8/131854549/we-4_orig.png]
[108-2.dday.dschool.ntu.edu.tw/uploads/1/3/1/8/131854549/we-5_orig.png]
[108-2.dday.dschool.ntu.edu.tw/uploads/1/3/1/8/131854549/we-6_orig.png]
[108-2.dday.dschool.ntu.edu.tw/uploads/1/3/1/8/131854549/we-7_orig.png]
[108-2.dday.dschool.ntu.edu.tw/uploads/1/3/1/8/131854549/01_orig.jpg]
[108-2.dday.dschool.ntu.edu.tw/uploads/1/3/1/8/131854549/02_orig.jpg]
[108-2.dday.dschool.ntu.edu.tw/uploads/1/3/1/8/131854549/實體展完整小報內容.jpg]
[108-2.dday.dschool.ntu.edu.tw/uploads/1/3/1/8/131854549/dschool-logo.png]
[108-2.dday.dschool.ntu.edu.tw/uploads/1/3/1/8/131854549/plus-logo-v7-01_orig.png]
[108-2.dday.dschool.ntu.edu.tw/uploads/1/3/1/8/131854549/ntucep-logo.png]
[108-2.dday.dschool.ntu.edu.tw/uploads/1/3/1/8/131854549/ntuleadership-logo.png]
[108-2.dday.dschool.ntu.edu.tw/uploads/1/3/1/8/131854549/alphateam-logo-alpha-team-2.png]
[108-2.dday.dschool.ntu.edu.tw/uploads/1/3/1/8/131854549/facebook_orig.webp]
[108-2.dday.dschool.ntu.edu.tw/index.html]
[108-2.dday.dschool.ntu.edu.tw/files/main_stylef57e.css]
[108-2.dday.dschool.ntu.edu.tw/uploads/1/3/1/8/131854549/background-images/91018499.html]
[108-2.dday.dschool.ntu.edu.tw/files/templateArtifactsee3d.html]
[108-2.dday.dschool.ntu.edu.tw/index-2.html]
[108-2.dday.dschool.ntu.edu.tw/uploads/1/3/1/8/131854549/0609-02_orig.png]
[108-2.dday.dschool.ntu.edu.tw/uploads/1/3/1/8/131854549/0609-01_orig.png]
[108-2.dday.dschool.ntu.edu.tw/uploads/1/3/1/8/131854549/dschool-structure_orig.png]
[108-2.dday.dschool.ntu.edu.tw/uploads/1/3/1/8/131854549/dschool-core_orig.png]
[108-2.dday.dschool.ntu.edu.tw/uploads/1/3/1/8/131854549/0609-03_orig.png]
[108-2.dday.dschool.ntu.edu.tw/uploads/1/3/1/8/131854549/0609-04_orig.png]
[108-2.dday.dschool.ntu.edu.tw/uploads/1/3/1/8/131854549/0609-05_orig.png]
[108-2.dday.dschool.ntu.edu.tw/uploads/1/3/1/8/131854549/0609-06_orig.png]
[108-2.dday.dschool.ntu.edu.tw/uploads/1/3/1/8/131854549/dschool-socialnetwork_orig.png]
[108-2.dday.dschool.ntu.edu.tw/uploads/1/3/1/8/131854549/ntuplus-logo.png]
[108-2.dday.dschool.ntu.edu.tw/uploads/1/3/1/8/131854549/ntudschool-leadership-happy_orig.png]
[108-2.dday.dschool.ntu.edu.tw/uploads/1/3/1/8/131854549/ntumakerspace-photo_orig.jpg]
[108-2.dday.dschool.ntu.edu.tw/uploads/1/3/1/8/131854549/ntumakerspace-photo01_orig.jpg]
[108-2.dday.dschool.ntu.edu.tw/uploads/1/3/1/8/131854549/ntumakerspace-photo04_orig.jpg]
[108-2.dday.dschool.ntu.edu.tw/uploads/1/3/1/8/131854549/ntumakerspace-photo02_orig.jpg]
[108-2.dday.dschool.ntu.edu.tw/uploads/1/3/1/8/131854549/ntumakerspace-photo05_orig.jpg]
[108-2.dday.dschool.ntu.edu.tw/uploads/1/3/1/8/131854549/ntumakerspace-photo03_orig.jpg]
[108-2.dday.dschool.ntu.edu.tw/uploads/1/3/1/8/131854549/ntumakerspace-photo06_orig.jpg]
[108-2.dday.dschool.ntu.edu.tw/about-d-school.html]
[108-2.dday.dschool.ntu.edu.tw/d-day27511241803535237636.html]
[108-2.dday.dschool.ntu.edu.tw/105-1.html]
[108-2.dday.dschool.ntu.edu.tw/105-2.html]
[108-2.dday.dschool.ntu.edu.tw/106-1.html]
[108-2.dday.dschool.ntu.edu.tw/106-2.html]
[108-2.dday.dschool.ntu.edu.tw/107-1.html]
[108-2.dday.dschool.ntu.edu.tw/107-2.html]
[108-2.dday.dschool.ntu.edu.tw/108-1.html]
[108-2.dday.dschool.ntu.edu.tw/mon.html]
[108-2.dday.dschool.ntu.edu.tw/uploads/1/3/1/8/131854549/0988789214_1.png]
[108-2.dday.dschool.ntu.edu.tw/uploads/1/3/1/8/131854549/ds5107-1_orig.png]
[108-2.dday.dschool.ntu.edu.tw/uploads/1/3/1/8/131854549/0975490870_orig.png]
[108-2.dday.dschool.ntu.edu.tw/uploads/1/3/1/8/131854549/ds5107-2_orig.png]
[108-2.dday.dschool.ntu.edu.tw/uploads/1/3/1/8/131854549/derive-1_orig.png]
[108-2.dday.dschool.ntu.edu.tw/uploads/1/3/1/8/131854549/ds5107-photo03_orig.jpg]
[108-2.dday.dschool.ntu.edu.tw/uploads/1/3/1/8/131854549/0975373095_1.png]
[108-2.dday.dschool.ntu.edu.tw/uploads/1/3/1/8/131854549/ds5107-photo04_orig.jpg]
[108-2.dday.dschool.ntu.edu.tw/uploads/1/3/1/8/131854549/0936748906_orig.png]
[108-2.dday.dschool.ntu.edu.tw/uploads/1/3/1/8/131854549/ds5107-photo05_orig.jpg]
[108-2.dday.dschool.ntu.edu.tw/uploads/1/3/1/8/131854549/wenn-chieh-tsai_orig.png]
[108-2.dday.dschool.ntu.edu.tw/uploads/1/3/1/8/131854549/li-monday_orig.jpg]
[108-2.dday.dschool.ntu.edu.tw/2011421205353733533620154222402252230990.html]
[108-2.dday.dschool.ntu.edu.tw/uploads/1/3/1/8/131854549/anchor_orig.png]
[108-2.dday.dschool.ntu.edu.tw/uploads/1/3/1/8/131854549/cs-poster.png]
[108-2.dday.dschool.ntu.edu.tw/uploads/1/3/1/8/131854549/prog5238-team1_orig.jpg]
[108-2.dday.dschool.ntu.edu.tw/uploads/1/3/1/8/131854549/prog5238-team2_orig.jpg]
[108-2.dday.dschool.ntu.edu.tw/uploads/1/3/1/8/131854549/prog5238-team3_orig.jpg]
[108-2.dday.dschool.ntu.edu.tw/uploads/1/3/1/8/131854549/prog5238-1_orig.png]
[108-2.dday.dschool.ntu.edu.tw/uploads/1/3/1/8/131854549/prog5238-2_orig.png]
[108-2.dday.dschool.ntu.edu.tw/uploads/1/3/1/8/131854549/prog5238-3_orig.png]
[108-2.dday.dschool.ntu.edu.tw/uploads/1/3/1/8/131854549/prog5238-4_orig.png]
[108-2.dday.dschool.ntu.edu.tw/uploads/1/3/1/8/131854549/prog5238-5_orig.png]
[108-2.dday.dschool.ntu.edu.tw/uploads/1/3/1/8/131854549/prog5238-6_orig.png]
[108-2.dday.dschool.ntu.edu.tw/uploads/1/3/1/8/131854549/huai-hsuan-chen_orig.png]
[108-2.dday.dschool.ntu.edu.tw/uploads/1/3/1/8/131854549/ann-tuesday_orig.jpg]
[108-2.dday.dschool.ntu.edu.tw/25991212702594420107332873549825925201072431427083.html]
[108-2.dday.dschool.ntu.edu.tw/uploads/1/3/1/8/131854549/5103-1_orig.png]
[108-2.dday.dschool.ntu.edu.tw/uploads/1/3/1/8/131854549/5103-2_orig.png]
[108-2.dday.dschool.ntu.edu.tw/uploads/1/3/1/8/131854549/5103-3_orig.png]
[108-2.dday.dschool.ntu.edu.tw/uploads/1/3/1/8/131854549/5103-4_orig.jpg]
[108-2.dday.dschool.ntu.edu.tw/uploads/1/3/1/8/131854549/5103-5_orig.jpg]
[108-2.dday.dschool.ntu.edu.tw/320683234036939203162356635542.html]
[108-2.dday.dschool.ntu.edu.tw/uploads/1/3/1/8/131854549/borrome_orig.png]
[108-2.dday.dschool.ntu.edu.tw/uploads/1/3/1/8/131854549/web-icon_orig.png]
[108-2.dday.dschool.ntu.edu.tw/uploads/1/3/1/8/131854549/contal_orig.jpg]
[108-2.dday.dschool.ntu.edu.tw/uploads/1/3/1/8/131854549/fb-icon_orig.png]
[108-2.dday.dschool.ntu.edu.tw/uploads/1/3/1/8/131854549/line-icon_orig.png]
[108-2.dday.dschool.ntu.edu.tw/uploads/1/3/1/8/131854549/esscent_1.png]
[108-2.dday.dschool.ntu.edu.tw/uploads/1/3/1/8/131854549/foodeast_orig.jpg]
[108-2.dday.dschool.ntu.edu.tw/uploads/1/3/1/8/131854549/so-cake_1.jpg]
[108-2.dday.dschool.ntu.edu.tw/uploads/1/3/1/8/131854549/web-icon.png]
[108-2.dday.dschool.ntu.edu.tw/uploads/1/3/1/8/131854549/editor/fb-icon.png]
[108-2.dday.dschool.ntu.edu.tw/uploads/1/3/1/8/131854549/tiemeup-1_orig.png]
[108-2.dday.dschool.ntu.edu.tw/uploads/1/3/1/8/131854549/ig-icon_orig.png]
[108-2.dday.dschool.ntu.edu.tw/uploads/1/3/1/8/131854549/unikit_1.png]
[108-2.dday.dschool.ntu.edu.tw/uploads/1/3/1/8/131854549/carbo_orig.png]
[108-2.dday.dschool.ntu.edu.tw/uploads/1/3/1/8/131854549/1575983199_1.png]
[108-2.dday.dschool.ntu.edu.tw/uploads/1/3/1/8/131854549/editor/robin-bing-yu-chen_3.png]
[108-2.dday.dschool.ntu.edu.tw/uploads/1/3/1/8/131854549/editor/ching-hsuan-lin_7.png]
[108-2.dday.dschool.ntu.edu.tw/uploads/1/3/1/8/131854549/editor/2059514790.jpg]
[108-2.dday.dschool.ntu.edu.tw/uploads/1/3/1/8/131854549/editor/1542292284.jpg]
[108-2.dday.dschool.ntu.edu.tw/uploads/1/3/1/8/131854549/2082-3_orig.jpg]
[108-2.dday.dschool.ntu.edu.tw/uploads/1/3/1/8/131854549/2082-4_orig.jpg]
[108-2.dday.dschool.ntu.edu.tw/uploads/1/3/1/8/131854549/2082-5_orig.jpg]
[108-2.dday.dschool.ntu.edu.tw/uploads/1/3/1/8/131854549/2082-6_orig.jpg]
[108-2.dday.dschool.ntu.edu.tw/uploads/1/3/1/8/131854549/2082-7_orig.jpg]
[108-2.dday.dschool.ntu.edu.tw/uploads/1/3/1/8/131854549/prog2082-wang_orig.png]
[108-2.dday.dschool.ntu.edu.tw/uploads/1/3/1/8/131854549/prog2082-hsu_orig.png]
[108-2.dday.dschool.ntu.edu.tw/uploads/1/3/1/8/131854549/prog2082-9_orig.jpg]
[108-2.dday.dschool.ntu.edu.tw/uploads/1/3/1/8/131854549/prog2082-sh_orig.png]
[108-2.dday.dschool.ntu.edu.tw/uploads/1/3/1/8/131854549/2082-dcard_orig.jpg]
[108-2.dday.dschool.ntu.edu.tw/uploads/1/3/1/8/131854549/prog2082-liu_orig.jpg]
[108-2.dday.dschool.ntu.edu.tw/uploads/1/3/1/8/131854549/prog2082-ju_orig.jpg]
[108-2.dday.dschool.ntu.edu.tw/uploads/1/3/1/8/131854549/prog2082-lwi_orig.jpg]
[108-2.dday.dschool.ntu.edu.tw/2110924847211092698923560389883534235542332872352636368.html]
[108-2.dday.dschool.ntu.edu.tw/uploads/1/3/1/8/131854549/prog2082-ho_orig.jpg]
[108-2.dday.dschool.ntu.edu.tw/uploads/1/3/1/8/131854549/2019319854_orig.png]
[108-2.dday.dschool.ntu.edu.tw/uploads/1/3/1/8/131854549/871861779.jpg]
[108-2.dday.dschool.ntu.edu.tw/uploads/1/3/1/8/131854549/2064563125_orig.png]
[108-2.dday.dschool.ntu.edu.tw/uploads/1/3/1/8/131854549/2109408675.jpg]
[108-2.dday.dschool.ntu.edu.tw/uploads/1/3/1/8/131854549/1507196111_1.png]
[108-2.dday.dschool.ntu.edu.tw/uploads/1/3/1/8/131854549/editor/1234415156.jpg]
[108-2.dday.dschool.ntu.edu.tw/uploads/1/3/1/8/131854549/shang-hsien-hsieh.png]
[108-2.dday.dschool.ntu.edu.tw/uploads/1/3/1/8/131854549/360_9.jpg]
[108-2.dday.dschool.ntu.edu.tw/uploads/1/3/1/8/131854549/1621222315.jpg]
[108-2.dday.dschool.ntu.edu.tw/2110926032310382637135373353362403731243.html]
[108-2.dday.dschool.ntu.edu.tw/uploads/1/3/1/8/131854549/editor/01_4.png]
[108-2.dday.dschool.ntu.edu.tw/uploads/1/3/1/8/131854549/ctps-1_orig.jpg]
[108-2.dday.dschool.ntu.edu.tw/uploads/1/3/1/8/131854549/ctps-1.jpg]
[108-2.dday.dschool.ntu.edu.tw/uploads/1/3/1/8/131854549/ctps-2_orig.jpg]
[108-2.dday.dschool.ntu.edu.tw/uploads/1/3/1/8/131854549/ctps-2.jpg]
[108-2.dday.dschool.ntu.edu.tw/uploads/1/3/1/8/131854549/1352540913.jpg]
[108-2.dday.dschool.ntu.edu.tw/uploads/1/3/1/8/131854549/440472080.png]
[108-2.dday.dschool.ntu.edu.tw/uploads/1/3/1/8/131854549/1352407263.png]
[108-2.dday.dschool.ntu.edu.tw/352992777021839389882970235542332872352621209.html]
[108-2.dday.dschool.ntu.edu.tw/tue.html]
[108-2.dday.dschool.ntu.edu.tw/uploads/1/3/1/8/131854549/sd01_orig.png]
[108-2.dday.dschool.ntu.edu.tw/uploads/1/3/1/8/131854549/sd02_orig.png]
[108-2.dday.dschool.ntu.edu.tw/uploads/1/3/1/8/131854549/sd-2_orig.png]
[108-2.dday.dschool.ntu.edu.tw/uploads/1/3/1/8/131854549/1020005093_orig.jpg]
[108-2.dday.dschool.ntu.edu.tw/uploads/1/3/1/8/131854549/sd-3_orig.png]
[108-2.dday.dschool.ntu.edu.tw/uploads/1/3/1/8/131854549/sd-10_orig.png]
[108-2.dday.dschool.ntu.edu.tw/uploads/1/3/1/8/131854549/ichoco.jpg]
[108-2.dday.dschool.ntu.edu.tw/uploads/1/3/1/8/131854549/sd-1_orig.png]
[108-2.dday.dschool.ntu.edu.tw/uploads/1/3/1/8/131854549/sd-4_orig.png]
[108-2.dday.dschool.ntu.edu.tw/uploads/1/3/1/8/131854549/1453942153.png]
[108-2.dday.dschool.ntu.edu.tw/uploads/1/3/1/8/131854549/sd-5_orig.png]
[108-2.dday.dschool.ntu.edu.tw/uploads/1/3/1/8/131854549/editor/1283478632.png]
[108-2.dday.dschool.ntu.edu.tw/uploads/1/3/1/8/131854549/sd-6_orig.png]
[108-2.dday.dschool.ntu.edu.tw/uploads/1/3/1/8/131854549/co2-eation_orig.jpg]
[108-2.dday.dschool.ntu.edu.tw/uploads/1/3/1/8/131854549/sd-7_orig.png]
[108-2.dday.dschool.ntu.edu.tw/uploads/1/3/1/8/131854549/sd-8_orig.png]
[108-2.dday.dschool.ntu.edu.tw/uploads/1/3/1/8/131854549/1334522867_orig.png]
[108-2.dday.dschool.ntu.edu.tw/uploads/1/3/1/8/131854549/sd-9_orig.png]
